<?xml version="1.0" encoding="UTF-8"?>
<!-- Generated by org.testng.reporters.JUnitReportReporter -->
<testsuite hostname="DESKTOP-O391UBK" name="com.w2a.testcases.LoginTest" tests="1" failures="0" timestamp="4 Mar 2020 17:00:15 GMT" time="5.234" errors="0">
  <testcase name="loginAsBankManager" time="5.234" classname="com.w2a.testcases.LoginTest"/>
</testsuite> <!-- com.w2a.testcases.LoginTest -->
