<?xml version="1.0" encoding="UTF-8"?>
<!-- Generated by org.testng.reporters.JUnitReportReporter -->
<testsuite skipped="0" hostname="DESKTOP-O391UBK" name="com.w2a.testcases.LoginTest" tests="1" failures="0" timestamp="04 Mar 2020 18:13:40 GMT" time="5.869" errors="0">
  <testcase name="loginAsBankManager" time="5.869" classname="com.w2a.testcases.LoginTest"/>
</testsuite> <!-- com.w2a.testcases.LoginTest -->
